{
  "uid" : "2192593f98884f2b",
  "name" : "test_login_0_admin",
  "fullName" : "scripts.test01_login.TestLogin#test_login_0_admin",
  "historyId" : "bb1dcc4d23cef927b8a64680869c2823",
  "time" : {
    "start" : 1608774695237,
    "stop" : 1608774715615,
    "duration" : 20378
  },
  "status" : "broken",
  "statusMessage" : "AttributeError: 'TestLogin' object has no attribute 'driver'",
  "statusTrace" : "self = <test01_login.TestLogin object at 0x000001D7A29FBA60>, username = 'admin'\npwd = 'tydt_123456', code = '', expect_result = '系统管理'\n\n    @parameterized.expand(get_data())\n    def test_login(self,username, pwd, code, expect_result):\n        # 调用登录方法\n        self.login.page_login(username, pwd)\n        # 获取登录提示信息\n        msg = self.login.page_get_error_info()\n        # 断言\n        try:\n>           assert msg==expect_result\nE           AssertionError: assert '系统管理员' == '系统管理'\nE             - 系统管理\nE             + 系统管理员\nE             ?     +\n\ntest01_login.py:45: AssertionError\n\nDuring handling of the above exception, another exception occurred:\n\na = (<test01_login.TestLogin object at 0x000001D7A29FBA60>,)\n\n    @wraps(func)\n    def standalone_func(*a):\n>       return func(*(a + p.args), **p.kwargs)\n\nC:\\Users\\GUO\\AppData\\Local\\Programs\\Python\\Python38\\lib\\site-packages\\parameterized\\parameterized.py:530: \n_ _ _ _ _ _ _ _ _ _ _ _ _ _ _ _ _ _ _ _ _ _ _ _ _ _ _ _ _ _ _ _ _ _ _ _ _ _ _ _\n\nself = <test01_login.TestLogin object at 0x000001D7A29FBA60>, username = 'admin'\npwd = 'tydt_123456', code = '', expect_result = '系统管理'\n\n    @parameterized.expand(get_data())\n    def test_login(self,username, pwd, code, expect_result):\n        # 调用登录方法\n        self.login.page_login(username, pwd)\n        # 获取登录提示信息\n        msg = self.login.page_get_error_info()\n        # 断言\n        try:\n            assert msg==expect_result\n        except Exception as e:\n            # 截图\n            with allure.step('异常截图'):\n>               allure.attach(self.driver.get_screenshot_as_png(), '截图' ,allure.attachment_type.PNG)\nE               AttributeError: 'TestLogin' object has no attribute 'driver'\n\ntest01_login.py:49: AttributeError",
  "flaky" : false,
  "newFailed" : false,
  "beforeStages" : [ {
    "name" : "_Class__pytest_setup_class",
    "time" : {
      "start" : 1608774688505,
      "stop" : 1608774695236,
      "duration" : 6731
    },
    "status" : "passed",
    "steps" : [ ],
    "attachments" : [ ],
    "parameters" : [ ],
    "attachmentsCount" : 0,
    "shouldDisplayMessage" : false,
    "stepsCount" : 0,
    "hasContent" : false
  } ],
  "testStage" : {
    "status" : "broken",
    "statusMessage" : "AttributeError: 'TestLogin' object has no attribute 'driver'",
    "statusTrace" : "self = <test01_login.TestLogin object at 0x000001D7A29FBA60>, username = 'admin'\npwd = 'tydt_123456', code = '', expect_result = '系统管理'\n\n    @parameterized.expand(get_data())\n    def test_login(self,username, pwd, code, expect_result):\n        # 调用登录方法\n        self.login.page_login(username, pwd)\n        # 获取登录提示信息\n        msg = self.login.page_get_error_info()\n        # 断言\n        try:\n>           assert msg==expect_result\nE           AssertionError: assert '系统管理员' == '系统管理'\nE             - 系统管理\nE             + 系统管理员\nE             ?     +\n\ntest01_login.py:45: AssertionError\n\nDuring handling of the above exception, another exception occurred:\n\na = (<test01_login.TestLogin object at 0x000001D7A29FBA60>,)\n\n    @wraps(func)\n    def standalone_func(*a):\n>       return func(*(a + p.args), **p.kwargs)\n\nC:\\Users\\GUO\\AppData\\Local\\Programs\\Python\\Python38\\lib\\site-packages\\parameterized\\parameterized.py:530: \n_ _ _ _ _ _ _ _ _ _ _ _ _ _ _ _ _ _ _ _ _ _ _ _ _ _ _ _ _ _ _ _ _ _ _ _ _ _ _ _\n\nself = <test01_login.TestLogin object at 0x000001D7A29FBA60>, username = 'admin'\npwd = 'tydt_123456', code = '', expect_result = '系统管理'\n\n    @parameterized.expand(get_data())\n    def test_login(self,username, pwd, code, expect_result):\n        # 调用登录方法\n        self.login.page_login(username, pwd)\n        # 获取登录提示信息\n        msg = self.login.page_get_error_info()\n        # 断言\n        try:\n            assert msg==expect_result\n        except Exception as e:\n            # 截图\n            with allure.step('异常截图'):\n>               allure.attach(self.driver.get_screenshot_as_png(), '截图' ,allure.attachment_type.PNG)\nE               AttributeError: 'TestLogin' object has no attribute 'driver'\n\ntest01_login.py:49: AttributeError",
    "steps" : [ {
      "name" : "输入用户名",
      "time" : {
        "start" : 1608774695238,
        "stop" : 1608774695354,
        "duration" : 116
      },
      "status" : "passed",
      "steps" : [ ],
      "attachments" : [ ],
      "parameters" : [ {
        "name" : "username",
        "value" : "'admin'"
      } ],
      "attachmentsCount" : 0,
      "shouldDisplayMessage" : false,
      "stepsCount" : 0,
      "hasContent" : true
    }, {
      "name" : "输入密码",
      "time" : {
        "start" : 1608774695354,
        "stop" : 1608774695470,
        "duration" : 116
      },
      "status" : "passed",
      "steps" : [ ],
      "attachments" : [ ],
      "parameters" : [ {
        "name" : "pwd",
        "value" : "'tydt_123456'"
      } ],
      "attachmentsCount" : 0,
      "shouldDisplayMessage" : false,
      "stepsCount" : 0,
      "hasContent" : true
    }, {
      "name" : "输入验证码",
      "time" : {
        "start" : 1608774697707,
        "stop" : 1608774713547,
        "duration" : 15840
      },
      "status" : "passed",
      "steps" : [ ],
      "attachments" : [ ],
      "parameters" : [ {
        "name" : "img_path",
        "value" : "'D:/xi.png'"
      } ],
      "attachmentsCount" : 0,
      "shouldDisplayMessage" : false,
      "stepsCount" : 0,
      "hasContent" : true
    }, {
      "name" : "点击登录",
      "time" : {
        "start" : 1608774713548,
        "stop" : 1608774713620,
        "duration" : 72
      },
      "status" : "passed",
      "steps" : [ ],
      "attachments" : [ ],
      "parameters" : [ ],
      "attachmentsCount" : 0,
      "shouldDisplayMessage" : false,
      "stepsCount" : 0,
      "hasContent" : false
    }, {
      "name" : "异常截图",
      "time" : {
        "start" : 1608774715615,
        "stop" : 1608774715615,
        "duration" : 0
      },
      "status" : "broken",
      "statusMessage" : "AttributeError: 'TestLogin' object has no attribute 'driver'\n",
      "statusTrace" : "  File \"F:\\cim\\scripts\\test01_login.py\", line 49, in test_login\n    allure.attach(self.driver.get_screenshot_as_png(), '截图' ,allure.attachment_type.PNG)\n",
      "steps" : [ ],
      "attachments" : [ ],
      "parameters" : [ ],
      "attachmentsCount" : 0,
      "shouldDisplayMessage" : true,
      "stepsCount" : 0,
      "hasContent" : true
    } ],
    "attachments" : [ {
      "uid" : "64a4c2145aa1798b",
      "name" : "log",
      "source" : "64a4c2145aa1798b.txt",
      "type" : "text/plain",
      "size" : 2082
    } ],
    "parameters" : [ ],
    "attachmentsCount" : 1,
    "shouldDisplayMessage" : true,
    "stepsCount" : 5,
    "hasContent" : true
  },
  "afterStages" : [ {
    "name" : "_Class__pytest_setup_class::0",
    "time" : {
      "start" : 1608774715633,
      "stop" : 1608774717824,
      "duration" : 2191
    },
    "status" : "passed",
    "steps" : [ ],
    "attachments" : [ ],
    "parameters" : [ ],
    "attachmentsCount" : 0,
    "shouldDisplayMessage" : false,
    "stepsCount" : 0,
    "hasContent" : false
  } ],
  "labels" : [ {
    "name" : "parentSuite",
    "value" : "scripts"
  }, {
    "name" : "suite",
    "value" : "test01_login"
  }, {
    "name" : "subSuite",
    "value" : "TestLogin"
  }, {
    "name" : "host",
    "value" : "Gxl"
  }, {
    "name" : "thread",
    "value" : "16700-MainThread"
  }, {
    "name" : "framework",
    "value" : "pytest"
  }, {
    "name" : "language",
    "value" : "cpython3"
  }, {
    "name" : "package",
    "value" : "scripts.test01_login"
  }, {
    "name" : "resultFormat",
    "value" : "allure2"
  } ],
  "parameters" : [ ],
  "links" : [ ],
  "hidden" : true,
  "retry" : true,
  "extra" : {
    "categories" : [ ],
    "tags" : [ ]
  },
  "source" : "2192593f98884f2b.json",
  "parameterValues" : [ ]
}